Build started 12.6.2014 17:10:59.
     1>Project "C:\Users\AhmetPC\Documents\Visual Studio 2010\Projects\OpenCV\OpenCV\OpenCV.vcxproj" on node 2 (build target(s)).
     1>InitializeBuildStatus:
         Creating "x64\Release\OpenCV.unsuccessfulbuild" because "AlwaysCreate" was specified.
       ClCompile:
         C:\Program Files (x86)\Microsoft Visual Studio 10.0\VC\bin\x86_amd64\CL.exe /c /IC:\opencv\build\include /Zi /nologo /W3 /WX- /O2 /Oi /GL /D _MBCS /Gm- /EHsc /MD /GS /Gy /fp:precise /Zc:wchar_t /Zc:forScope /Fo"x64\Release\\" /Fd"x64\Release\vc100.pdb" /Gd /TP /errorReport:prompt main.cpp
         main.cpp
       Link:
         C:\Program Files (x86)\Microsoft Visual Studio 10.0\VC\bin\x86_amd64\link.exe /ERRORREPORT:PROMPT /OUT:"C:\Users\AhmetPC\Documents\Visual Studio 2010\Projects\OpenCV\x64\Release\OpenCV.exe" /NOLOGO /LIBPATH:C:\opencv\build\x64\vc10\lib opencv_calib3d249.lib opencv_contrib249.lib opencv_core249.lib opencv_features2d249.lib opencv_flann249.lib opencv_gpu249.lib opencv_highgui249.lib opencv_imgproc249.lib opencv_legacy249.lib opencv_ml249.lib opencv_nonfree249.lib opencv_objdetect249.lib opencv_photo249.lib opencv_stitching249.lib opencv_ts249.lib opencv_video249.lib opencv_videostab249.lib kernel32.lib user32.lib gdi32.lib winspool.lib comdlg32.lib advapi32.lib shell32.lib ole32.lib oleaut32.lib uuid.lib odbc32.lib odbccp32.lib /MANIFEST /ManifestFile:"x64\Release\OpenCV.exe.intermediate.manifest" /MANIFESTUAC:"level='asInvoker' uiAccess='false'" /DEBUG /PDB:"C:\Users\AhmetPC\Documents\Visual Studio 2010\Projects\OpenCV\x64\Release\OpenCV.pdb" /OPT:REF /OPT:ICF /LTCG /TLBID:1 /DYNAMICBASE /NXCOMPAT /IMPLIB:"C:\Users\AhmetPC\Documents\Visual Studio 2010\Projects\OpenCV\x64\Release\OpenCV.lib" /MACHINE:X64 x64\Release\main.obj
         Generating code
         Finished generating code
         OpenCV.vcxproj -> C:\Users\AhmetPC\Documents\Visual Studio 2010\Projects\OpenCV\x64\Release\OpenCV.exe
       Manifest:
         C:\Program Files (x86)\Microsoft SDKs\Windows\v7.0A\bin\mt.exe /nologo /verbose /outputresource:"C:\Users\AhmetPC\Documents\Visual Studio 2010\Projects\OpenCV\x64\Release\OpenCV.exe;#1" /manifest x64\Release\OpenCV.exe.intermediate.manifest
       FinalizeBuildStatus:
         Deleting file "x64\Release\OpenCV.unsuccessfulbuild".
         Touching "x64\Release\OpenCV.lastbuildstate".
     1>Done Building Project "C:\Users\AhmetPC\Documents\Visual Studio 2010\Projects\OpenCV\OpenCV\OpenCV.vcxproj" (build target(s)).

Build succeeded.

Time Elapsed 00:00:03.23
