C:\USERS\AHMETPC\DOCUMENTS\VISUAL STUDIO 2010\PROJECTS\OPENCV\OPENCV\X64\RELEASE\MAIN.OBJ
C:\USERS\AHMETPC\DOCUMENTS\VISUAL STUDIO 2010\PROJECTS\OPENCV\OPENCV\X64\RELEASE\OPENCV.EXE.INTERMEDIATE.MANIFEST
C:\USERS\AHMETPC\DOCUMENTS\VISUAL STUDIO 2010\PROJECTS\OPENCV\OPENCV\X64\RELEASE\VC100.PDB
C:\USERS\AHMETPC\DOCUMENTS\VISUAL STUDIO 2010\PROJECTS\OPENCV\X64\RELEASE\OPENCV.EXE
C:\USERS\AHMETPC\DOCUMENTS\VISUAL STUDIO 2010\PROJECTS\OPENCV\X64\RELEASE\OPENCV.PDB
C:\Users\AhmetPC\Documents\Visual Studio 2010\Projects\OpenCV\OpenCV\x64\Release\cl.command.1.tlog
C:\Users\AhmetPC\Documents\Visual Studio 2010\Projects\OpenCV\OpenCV\x64\Release\CL.read.1.tlog
C:\Users\AhmetPC\Documents\Visual Studio 2010\Projects\OpenCV\OpenCV\x64\Release\CL.write.1.tlog
C:\Users\AhmetPC\Documents\Visual Studio 2010\Projects\OpenCV\OpenCV\x64\Release\link.command.1.tlog
C:\Users\AhmetPC\Documents\Visual Studio 2010\Projects\OpenCV\OpenCV\x64\Release\link.read.1.tlog
C:\Users\AhmetPC\Documents\Visual Studio 2010\Projects\OpenCV\OpenCV\x64\Release\link.write.1.tlog
C:\Users\AhmetPC\Documents\Visual Studio 2010\Projects\OpenCV\OpenCV\x64\Release\main.obj
C:\Users\AhmetPC\Documents\Visual Studio 2010\Projects\OpenCV\OpenCV\x64\Release\mt.command.1.tlog
C:\Users\AhmetPC\Documents\Visual Studio 2010\Projects\OpenCV\OpenCV\x64\Release\mt.read.1.tlog
C:\Users\AhmetPC\Documents\Visual Studio 2010\Projects\OpenCV\OpenCV\x64\Release\mt.write.1.tlog
C:\Users\AhmetPC\Documents\Visual Studio 2010\Projects\OpenCV\OpenCV\x64\Release\OpenCV.exe.intermediate.manifest
C:\Users\AhmetPC\Documents\Visual Studio 2010\Projects\OpenCV\OpenCV\x64\Release\OpenCV.write.1.tlog
C:\Users\AhmetPC\Documents\Visual Studio 2010\Projects\OpenCV\OpenCV\x64\Release\vc100.pdb
C:\Users\AhmetPC\Documents\Visual Studio 2010\Projects\OpenCV\x64\Release\OpenCV.exe
C:\Users\AhmetPC\Documents\Visual Studio 2010\Projects\OpenCV\x64\Release\OpenCV.pdb
