C:\USERS\AHMETPC\DOCUMENTS\VISUAL STUDIO 2010\PROJECTS\OPENCV_DENEME\OPENCV\X64\DEBUG\MAIN.OBJ
C:\USERS\AHMETPC\DOCUMENTS\VISUAL STUDIO 2010\PROJECTS\OPENCV_DENEME\OPENCV\X64\DEBUG\OPENCV.EXE.INTERMEDIATE.MANIFEST
C:\USERS\AHMETPC\DOCUMENTS\VISUAL STUDIO 2010\PROJECTS\OPENCV_DENEME\OPENCV\X64\DEBUG\VC100.PDB
C:\USERS\AHMETPC\DOCUMENTS\VISUAL STUDIO 2010\PROJECTS\OPENCV_DENEME\X64\DEBUG\OPENCV.EXE
C:\USERS\AHMETPC\DOCUMENTS\VISUAL STUDIO 2010\PROJECTS\OPENCV_DENEME\X64\DEBUG\OPENCV.ILK
C:\USERS\AHMETPC\DOCUMENTS\VISUAL STUDIO 2010\PROJECTS\OPENCV_DENEME\X64\DEBUG\OPENCV.PDB
C:\Users\AhmetPC\Documents\Visual Studio 2010\Projects\OpenCV_Deneme\OpenCV\x64\Debug\cl.command.1.tlog
C:\Users\AhmetPC\Documents\Visual Studio 2010\Projects\OpenCV_Deneme\OpenCV\x64\Debug\CL.read.1.tlog
C:\Users\AhmetPC\Documents\Visual Studio 2010\Projects\OpenCV_Deneme\OpenCV\x64\Debug\CL.write.1.tlog
C:\Users\AhmetPC\Documents\Visual Studio 2010\Projects\OpenCV_Deneme\OpenCV\x64\Debug\link.command.1.tlog
C:\Users\AhmetPC\Documents\Visual Studio 2010\Projects\OpenCV_Deneme\OpenCV\x64\Debug\link.read.1.tlog
C:\Users\AhmetPC\Documents\Visual Studio 2010\Projects\OpenCV_Deneme\OpenCV\x64\Debug\link.write.1.tlog
C:\Users\AhmetPC\Documents\Visual Studio 2010\Projects\OpenCV_Deneme\OpenCV\x64\Debug\main.obj
C:\Users\AhmetPC\Documents\Visual Studio 2010\Projects\OpenCV_Deneme\OpenCV\x64\Debug\mt.command.1.tlog
C:\Users\AhmetPC\Documents\Visual Studio 2010\Projects\OpenCV_Deneme\OpenCV\x64\Debug\mt.read.1.tlog
C:\Users\AhmetPC\Documents\Visual Studio 2010\Projects\OpenCV_Deneme\OpenCV\x64\Debug\mt.write.1.tlog
C:\Users\AhmetPC\Documents\Visual Studio 2010\Projects\OpenCV_Deneme\OpenCV\x64\Debug\OpenCV.exe.intermediate.manifest
C:\Users\AhmetPC\Documents\Visual Studio 2010\Projects\OpenCV_Deneme\OpenCV\x64\Debug\OpenCV.write.1.tlog
C:\Users\AhmetPC\Documents\Visual Studio 2010\Projects\OpenCV_Deneme\OpenCV\x64\Debug\vc100.idb
C:\Users\AhmetPC\Documents\Visual Studio 2010\Projects\OpenCV_Deneme\OpenCV\x64\Debug\vc100.pdb
C:\Users\AhmetPC\Documents\Visual Studio 2010\Projects\OpenCV_Deneme\x64\Debug\OpenCV.exe
C:\Users\AhmetPC\Documents\Visual Studio 2010\Projects\OpenCV_Deneme\x64\Debug\OpenCV.ilk
C:\Users\AhmetPC\Documents\Visual Studio 2010\Projects\OpenCV_Deneme\x64\Debug\OpenCV.pdb
